{"/Users/dshowers/Development/generator-latest-greatest-webapp/generators/app/index.js":{"path":"/Users/dshowers/Development/generator-latest-greatest-webapp/generators/app/index.js","s":{"1":1,"2":1,"3":1,"4":1,"5":1,"6":4,"7":4,"8":4,"9":4,"10":4,"11":4,"12":4,"13":4,"14":3,"15":3,"16":3,"17":4,"18":4,"19":4,"20":4,"21":4,"22":4,"23":4,"24":4,"25":3,"26":3,"27":3,"28":3,"29":4},"b":{"1":[3,1],"2":[3,1],"3":[3,1]},"f":{"1":4,"2":4,"3":4,"4":4,"5":4,"6":4},"fnMap":{"1":{"name":"(anonymous_1)","line":8,"loc":{"start":{"line":8,"column":13},"end":{"line":8,"column":24}}},"2":{"name":"(anonymous_2)","line":36,"loc":{"start":{"line":36,"column":25},"end":{"line":36,"column":41}}},"3":{"name":"(anonymous_3)","line":45,"loc":{"start":{"line":45,"column":22},"end":{"line":45,"column":33}}},"4":{"name":"(anonymous_4)","line":54,"loc":{"start":{"line":54,"column":18},"end":{"line":54,"column":29}}},"5":{"name":"(anonymous_5)","line":80,"loc":{"start":{"line":80,"column":14},"end":{"line":80,"column":25}}},"6":{"name":"(anonymous_6)","line":104,"loc":{"start":{"line":104,"column":11},"end":{"line":104,"column":22}}}},"statementMap":{"1":{"start":{"line":2,"column":0},"end":{"line":2,"column":41}},"2":{"start":{"line":3,"column":0},"end":{"line":3,"column":29}},"3":{"start":{"line":4,"column":0},"end":{"line":4,"column":29}},"4":{"start":{"line":5,"column":0},"end":{"line":5,"column":27}},"5":{"start":{"line":7,"column":0},"end":{"line":107,"column":3}},"6":{"start":{"line":9,"column":4},"end":{"line":9,"column":28}},"7":{"start":{"line":12,"column":4},"end":{"line":14,"column":7}},"8":{"start":{"line":16,"column":4},"end":{"line":34,"column":6}},"9":{"start":{"line":36,"column":4},"end":{"line":41,"column":18}},"10":{"start":{"line":37,"column":6},"end":{"line":37,"column":25}},"11":{"start":{"line":40,"column":6},"end":{"line":40,"column":13}},"12":{"start":{"line":46,"column":6},"end":{"line":46,"column":24}},"13":{"start":{"line":47,"column":6},"end":{"line":51,"column":7}},"14":{"start":{"line":48,"column":8},"end":{"line":48,"column":34}},"15":{"start":{"line":49,"column":8},"end":{"line":49,"column":31}},"16":{"start":{"line":50,"column":8},"end":{"line":50,"column":33}},"17":{"start":{"line":55,"column":6},"end":{"line":58,"column":8}},"18":{"start":{"line":59,"column":6},"end":{"line":62,"column":8}},"19":{"start":{"line":63,"column":6},"end":{"line":66,"column":8}},"20":{"start":{"line":67,"column":6},"end":{"line":70,"column":8}},"21":{"start":{"line":71,"column":6},"end":{"line":77,"column":8}},"22":{"start":{"line":81,"column":6},"end":{"line":81,"column":91}},"23":{"start":{"line":82,"column":6},"end":{"line":85,"column":8}},"24":{"start":{"line":86,"column":6},"end":{"line":100,"column":7}},"25":{"start":{"line":87,"column":8},"end":{"line":87,"column":31}},"26":{"start":{"line":88,"column":8},"end":{"line":88,"column":33}},"27":{"start":{"line":89,"column":8},"end":{"line":92,"column":10}},"28":{"start":{"line":93,"column":8},"end":{"line":99,"column":10}},"29":{"start":{"line":105,"column":4},"end":{"line":105,"column":22}}},"branchMap":{"1":{"line":47,"type":"if","locations":[{"start":{"line":47,"column":6},"end":{"line":47,"column":6}},{"start":{"line":47,"column":6},"end":{"line":47,"column":6}}]},"2":{"line":81,"type":"cond-expr","locations":[{"start":{"line":81,"column":53},"end":{"line":81,"column":74}},{"start":{"line":81,"column":77},"end":{"line":81,"column":90}}]},"3":{"line":86,"type":"if","locations":[{"start":{"line":86,"column":6},"end":{"line":86,"column":6}},{"start":{"line":86,"column":6},"end":{"line":86,"column":6}}]}}}}