TN:
SF:/Users/dshowers/Development/generator-latest-greatest-webapp/generators/app/index.js
FN:8,(anonymous_1)
FN:36,(anonymous_2)
FN:45,(anonymous_3)
FN:54,(anonymous_4)
FN:80,(anonymous_5)
FN:104,(anonymous_6)
FNF:6
FNH:6
FNDA:4,(anonymous_1)
FNDA:4,(anonymous_2)
FNDA:4,(anonymous_3)
FNDA:4,(anonymous_4)
FNDA:4,(anonymous_5)
FNDA:4,(anonymous_6)
DA:2,1
DA:3,1
DA:4,1
DA:5,1
DA:7,1
DA:9,4
DA:12,4
DA:16,4
DA:36,4
DA:37,4
DA:40,4
DA:46,4
DA:47,4
DA:48,3
DA:49,3
DA:50,3
DA:55,4
DA:59,4
DA:63,4
DA:67,4
DA:71,4
DA:81,4
DA:82,4
DA:86,4
DA:87,3
DA:88,3
DA:89,3
DA:93,3
DA:105,4
LF:29
LH:29
BRDA:47,1,0,3
BRDA:47,1,1,1
BRDA:81,2,0,3
BRDA:81,2,1,1
BRDA:86,3,0,3
BRDA:86,3,1,1
BRF:6
BRH:6
end_of_record
